Copyright 1986-2022 Xilinx, Inc. All Rights Reserved. Copyright 2022-2023 Advanced Micro Devices, Inc. All Rights Reserved.
-----------------------------------------------------------------------------------------------------------------------------------------------
| Tool Version : Vivado v.2023.2 (win64) Build 4029153 Fri Oct 13 20:14:34 MDT 2023
| Date         : Wed Jun  5 15:36:18 2024
| Host         : Burak running 64-bit major release  (build 9200)
| Command      : report_methodology -file top_methodology_drc_routed.rpt -pb top_methodology_drc_routed.pb -rpx top_methodology_drc_routed.rpx
| Design       : top
| Device       : xc7a35tcpg236-1
| Speed File   : -1
| Design State : Fully Routed
-----------------------------------------------------------------------------------------------------------------------------------------------

Report Methodology

Table of Contents
-----------------
1. REPORT SUMMARY
2. REPORT DETAILS

1. REPORT SUMMARY
-----------------
            Netlist: netlist
          Floorplan: design_1
      Design limits: <entire design considered>
             Max violations: <unlimited>
             Violations found: 302
+-----------+------------------+----------------------------------+------------+
| Rule      | Severity         | Description                      | Violations |
+-----------+------------------+----------------------------------+------------+
| TIMING-17 | Critical Warning | Non-clocked sequential cell      | 247        |
| HPDR-1    | Warning          | Port pin direction inconsistency | 4          |
| LUTAR-1   | Warning          | LUT drives async reset alert     | 6          |
| TIMING-20 | Warning          | Non-clocked latch                | 44         |
| LATCH-1   | Advisory         | Existing latches in the design   | 1          |
+-----------+------------------+----------------------------------+------------+

2. REPORT DETAILS
-----------------
TIMING-17#1 Critical Warning
Non-clocked sequential cell  
The clock pin data_IOBUF_inst_i_1/C is not reached by a timing clock
Related violations: <none>

TIMING-17#2 Critical Warning
Non-clocked sequential cell  
The clock pin dht11_sensor_inst/divided_clock/clk_reg/C is not reached by a timing clock
Related violations: <none>

TIMING-17#3 Critical Warning
Non-clocked sequential cell  
The clock pin dht11_sensor_inst/divided_clock/count_reg[0]/C is not reached by a timing clock
Related violations: <none>

TIMING-17#4 Critical Warning
Non-clocked sequential cell  
The clock pin dht11_sensor_inst/divided_clock/count_reg[1]/C is not reached by a timing clock
Related violations: <none>

TIMING-17#5 Critical Warning
Non-clocked sequential cell  
The clock pin dht11_sensor_inst/divided_clock/count_reg[2]/C is not reached by a timing clock
Related violations: <none>

TIMING-17#6 Critical Warning
Non-clocked sequential cell  
The clock pin dht11_sensor_inst/divided_clock/count_reg[3]/C is not reached by a timing clock
Related violations: <none>

TIMING-17#7 Critical Warning
Non-clocked sequential cell  
The clock pin dht11_sensor_inst/divided_clock/count_reg[4]/C is not reached by a timing clock
Related violations: <none>

TIMING-17#8 Critical Warning
Non-clocked sequential cell  
The clock pin dht11_sensor_inst/divided_clock/count_reg[5]/C is not reached by a timing clock
Related violations: <none>

TIMING-17#9 Critical Warning
Non-clocked sequential cell  
The clock pin dht11_sensor_inst/sensor_generate/FSM_sequential_State_reg[0]/C is not reached by a timing clock
Related violations: <none>

TIMING-17#10 Critical Warning
Non-clocked sequential cell  
The clock pin dht11_sensor_inst/sensor_generate/FSM_sequential_State_reg[1]/C is not reached by a timing clock
Related violations: <none>

TIMING-17#11 Critical Warning
Non-clocked sequential cell  
The clock pin dht11_sensor_inst/sensor_generate/FSM_sequential_State_reg[2]/C is not reached by a timing clock
Related violations: <none>

TIMING-17#12 Critical Warning
Non-clocked sequential cell  
The clock pin dht11_sensor_inst/sensor_generate/FSM_sequential_State_reg[3]/C is not reached by a timing clock
Related violations: <none>

TIMING-17#13 Critical Warning
Non-clocked sequential cell  
The clock pin dht11_sensor_inst/sensor_generate/Fourty_bit_data_reg[16]/C is not reached by a timing clock
Related violations: <none>

TIMING-17#14 Critical Warning
Non-clocked sequential cell  
The clock pin dht11_sensor_inst/sensor_generate/Fourty_bit_data_reg[17]/C is not reached by a timing clock
Related violations: <none>

TIMING-17#15 Critical Warning
Non-clocked sequential cell  
The clock pin dht11_sensor_inst/sensor_generate/Fourty_bit_data_reg[18]/C is not reached by a timing clock
Related violations: <none>

TIMING-17#16 Critical Warning
Non-clocked sequential cell  
The clock pin dht11_sensor_inst/sensor_generate/Fourty_bit_data_reg[19]/C is not reached by a timing clock
Related violations: <none>

TIMING-17#17 Critical Warning
Non-clocked sequential cell  
The clock pin dht11_sensor_inst/sensor_generate/Fourty_bit_data_reg[20]/C is not reached by a timing clock
Related violations: <none>

TIMING-17#18 Critical Warning
Non-clocked sequential cell  
The clock pin dht11_sensor_inst/sensor_generate/Fourty_bit_data_reg[21]/C is not reached by a timing clock
Related violations: <none>

TIMING-17#19 Critical Warning
Non-clocked sequential cell  
The clock pin dht11_sensor_inst/sensor_generate/Fourty_bit_data_reg[22]/C is not reached by a timing clock
Related violations: <none>

TIMING-17#20 Critical Warning
Non-clocked sequential cell  
The clock pin dht11_sensor_inst/sensor_generate/Fourty_bit_data_reg[23]/C is not reached by a timing clock
Related violations: <none>

TIMING-17#21 Critical Warning
Non-clocked sequential cell  
The clock pin dht11_sensor_inst/sensor_generate/Fourty_bit_data_reg[32]/C is not reached by a timing clock
Related violations: <none>

TIMING-17#22 Critical Warning
Non-clocked sequential cell  
The clock pin dht11_sensor_inst/sensor_generate/Fourty_bit_data_reg[33]/C is not reached by a timing clock
Related violations: <none>

TIMING-17#23 Critical Warning
Non-clocked sequential cell  
The clock pin dht11_sensor_inst/sensor_generate/Fourty_bit_data_reg[34]/C is not reached by a timing clock
Related violations: <none>

TIMING-17#24 Critical Warning
Non-clocked sequential cell  
The clock pin dht11_sensor_inst/sensor_generate/Fourty_bit_data_reg[35]/C is not reached by a timing clock
Related violations: <none>

TIMING-17#25 Critical Warning
Non-clocked sequential cell  
The clock pin dht11_sensor_inst/sensor_generate/Fourty_bit_data_reg[36]/C is not reached by a timing clock
Related violations: <none>

TIMING-17#26 Critical Warning
Non-clocked sequential cell  
The clock pin dht11_sensor_inst/sensor_generate/Fourty_bit_data_reg[37]/C is not reached by a timing clock
Related violations: <none>

TIMING-17#27 Critical Warning
Non-clocked sequential cell  
The clock pin dht11_sensor_inst/sensor_generate/Fourty_bit_data_reg[38]/C is not reached by a timing clock
Related violations: <none>

TIMING-17#28 Critical Warning
Non-clocked sequential cell  
The clock pin dht11_sensor_inst/sensor_generate/Fourty_bit_data_reg[39]/C is not reached by a timing clock
Related violations: <none>

TIMING-17#29 Critical Warning
Non-clocked sequential cell  
The clock pin dht11_sensor_inst/sensor_generate/count_reg[0]/C is not reached by a timing clock
Related violations: <none>

TIMING-17#30 Critical Warning
Non-clocked sequential cell  
The clock pin dht11_sensor_inst/sensor_generate/count_reg[10]/C is not reached by a timing clock
Related violations: <none>

TIMING-17#31 Critical Warning
Non-clocked sequential cell  
The clock pin dht11_sensor_inst/sensor_generate/count_reg[11]/C is not reached by a timing clock
Related violations: <none>

TIMING-17#32 Critical Warning
Non-clocked sequential cell  
The clock pin dht11_sensor_inst/sensor_generate/count_reg[12]/C is not reached by a timing clock
Related violations: <none>

TIMING-17#33 Critical Warning
Non-clocked sequential cell  
The clock pin dht11_sensor_inst/sensor_generate/count_reg[13]/C is not reached by a timing clock
Related violations: <none>

TIMING-17#34 Critical Warning
Non-clocked sequential cell  
The clock pin dht11_sensor_inst/sensor_generate/count_reg[14]/C is not reached by a timing clock
Related violations: <none>

TIMING-17#35 Critical Warning
Non-clocked sequential cell  
The clock pin dht11_sensor_inst/sensor_generate/count_reg[15]/C is not reached by a timing clock
Related violations: <none>

TIMING-17#36 Critical Warning
Non-clocked sequential cell  
The clock pin dht11_sensor_inst/sensor_generate/count_reg[16]/C is not reached by a timing clock
Related violations: <none>

TIMING-17#37 Critical Warning
Non-clocked sequential cell  
The clock pin dht11_sensor_inst/sensor_generate/count_reg[17]/C is not reached by a timing clock
Related violations: <none>

TIMING-17#38 Critical Warning
Non-clocked sequential cell  
The clock pin dht11_sensor_inst/sensor_generate/count_reg[18]/C is not reached by a timing clock
Related violations: <none>

TIMING-17#39 Critical Warning
Non-clocked sequential cell  
The clock pin dht11_sensor_inst/sensor_generate/count_reg[19]/C is not reached by a timing clock
Related violations: <none>

TIMING-17#40 Critical Warning
Non-clocked sequential cell  
The clock pin dht11_sensor_inst/sensor_generate/count_reg[1]/C is not reached by a timing clock
Related violations: <none>

TIMING-17#41 Critical Warning
Non-clocked sequential cell  
The clock pin dht11_sensor_inst/sensor_generate/count_reg[20]/C is not reached by a timing clock
Related violations: <none>

TIMING-17#42 Critical Warning
Non-clocked sequential cell  
The clock pin dht11_sensor_inst/sensor_generate/count_reg[21]/C is not reached by a timing clock
Related violations: <none>

TIMING-17#43 Critical Warning
Non-clocked sequential cell  
The clock pin dht11_sensor_inst/sensor_generate/count_reg[22]/C is not reached by a timing clock
Related violations: <none>

TIMING-17#44 Critical Warning
Non-clocked sequential cell  
The clock pin dht11_sensor_inst/sensor_generate/count_reg[23]/C is not reached by a timing clock
Related violations: <none>

TIMING-17#45 Critical Warning
Non-clocked sequential cell  
The clock pin dht11_sensor_inst/sensor_generate/count_reg[24]/C is not reached by a timing clock
Related violations: <none>

TIMING-17#46 Critical Warning
Non-clocked sequential cell  
The clock pin dht11_sensor_inst/sensor_generate/count_reg[25]/C is not reached by a timing clock
Related violations: <none>

TIMING-17#47 Critical Warning
Non-clocked sequential cell  
The clock pin dht11_sensor_inst/sensor_generate/count_reg[26]/C is not reached by a timing clock
Related violations: <none>

TIMING-17#48 Critical Warning
Non-clocked sequential cell  
The clock pin dht11_sensor_inst/sensor_generate/count_reg[27]/C is not reached by a timing clock
Related violations: <none>

TIMING-17#49 Critical Warning
Non-clocked sequential cell  
The clock pin dht11_sensor_inst/sensor_generate/count_reg[28]/C is not reached by a timing clock
Related violations: <none>

TIMING-17#50 Critical Warning
Non-clocked sequential cell  
The clock pin dht11_sensor_inst/sensor_generate/count_reg[29]/C is not reached by a timing clock
Related violations: <none>

TIMING-17#51 Critical Warning
Non-clocked sequential cell  
The clock pin dht11_sensor_inst/sensor_generate/count_reg[2]/C is not reached by a timing clock
Related violations: <none>

TIMING-17#52 Critical Warning
Non-clocked sequential cell  
The clock pin dht11_sensor_inst/sensor_generate/count_reg[30]/C is not reached by a timing clock
Related violations: <none>

TIMING-17#53 Critical Warning
Non-clocked sequential cell  
The clock pin dht11_sensor_inst/sensor_generate/count_reg[31]/C is not reached by a timing clock
Related violations: <none>

TIMING-17#54 Critical Warning
Non-clocked sequential cell  
The clock pin dht11_sensor_inst/sensor_generate/count_reg[3]/C is not reached by a timing clock
Related violations: <none>

TIMING-17#55 Critical Warning
Non-clocked sequential cell  
The clock pin dht11_sensor_inst/sensor_generate/count_reg[4]/C is not reached by a timing clock
Related violations: <none>

TIMING-17#56 Critical Warning
Non-clocked sequential cell  
The clock pin dht11_sensor_inst/sensor_generate/count_reg[5]/C is not reached by a timing clock
Related violations: <none>

TIMING-17#57 Critical Warning
Non-clocked sequential cell  
The clock pin dht11_sensor_inst/sensor_generate/count_reg[6]/C is not reached by a timing clock
Related violations: <none>

TIMING-17#58 Critical Warning
Non-clocked sequential cell  
The clock pin dht11_sensor_inst/sensor_generate/count_reg[7]/C is not reached by a timing clock
Related violations: <none>

TIMING-17#59 Critical Warning
Non-clocked sequential cell  
The clock pin dht11_sensor_inst/sensor_generate/count_reg[8]/C is not reached by a timing clock
Related violations: <none>

TIMING-17#60 Critical Warning
Non-clocked sequential cell  
The clock pin dht11_sensor_inst/sensor_generate/count_reg[9]/C is not reached by a timing clock
Related violations: <none>

TIMING-17#61 Critical Warning
Non-clocked sequential cell  
The clock pin dht11_sensor_inst/sensor_generate/length_reg[0]/C is not reached by a timing clock
Related violations: <none>

TIMING-17#62 Critical Warning
Non-clocked sequential cell  
The clock pin dht11_sensor_inst/sensor_generate/length_reg[1]/C is not reached by a timing clock
Related violations: <none>

TIMING-17#63 Critical Warning
Non-clocked sequential cell  
The clock pin dht11_sensor_inst/sensor_generate/length_reg[2]/C is not reached by a timing clock
Related violations: <none>

TIMING-17#64 Critical Warning
Non-clocked sequential cell  
The clock pin dht11_sensor_inst/sensor_generate/length_reg[3]/C is not reached by a timing clock
Related violations: <none>

TIMING-17#65 Critical Warning
Non-clocked sequential cell  
The clock pin dht11_sensor_inst/sensor_generate/length_reg[4]/C is not reached by a timing clock
Related violations: <none>

TIMING-17#66 Critical Warning
Non-clocked sequential cell  
The clock pin dht11_sensor_inst/sensor_generate/length_reg[5]/C is not reached by a timing clock
Related violations: <none>

TIMING-17#67 Critical Warning
Non-clocked sequential cell  
The clock pin dht11_sensor_inst/sensor_generate/one_counter_reg[0]/C is not reached by a timing clock
Related violations: <none>

TIMING-17#68 Critical Warning
Non-clocked sequential cell  
The clock pin dht11_sensor_inst/sensor_generate/one_counter_reg[10]/C is not reached by a timing clock
Related violations: <none>

TIMING-17#69 Critical Warning
Non-clocked sequential cell  
The clock pin dht11_sensor_inst/sensor_generate/one_counter_reg[11]/C is not reached by a timing clock
Related violations: <none>

TIMING-17#70 Critical Warning
Non-clocked sequential cell  
The clock pin dht11_sensor_inst/sensor_generate/one_counter_reg[12]/C is not reached by a timing clock
Related violations: <none>

TIMING-17#71 Critical Warning
Non-clocked sequential cell  
The clock pin dht11_sensor_inst/sensor_generate/one_counter_reg[13]/C is not reached by a timing clock
Related violations: <none>

TIMING-17#72 Critical Warning
Non-clocked sequential cell  
The clock pin dht11_sensor_inst/sensor_generate/one_counter_reg[14]/C is not reached by a timing clock
Related violations: <none>

TIMING-17#73 Critical Warning
Non-clocked sequential cell  
The clock pin dht11_sensor_inst/sensor_generate/one_counter_reg[15]/C is not reached by a timing clock
Related violations: <none>

TIMING-17#74 Critical Warning
Non-clocked sequential cell  
The clock pin dht11_sensor_inst/sensor_generate/one_counter_reg[16]/C is not reached by a timing clock
Related violations: <none>

TIMING-17#75 Critical Warning
Non-clocked sequential cell  
The clock pin dht11_sensor_inst/sensor_generate/one_counter_reg[17]/C is not reached by a timing clock
Related violations: <none>

TIMING-17#76 Critical Warning
Non-clocked sequential cell  
The clock pin dht11_sensor_inst/sensor_generate/one_counter_reg[18]/C is not reached by a timing clock
Related violations: <none>

TIMING-17#77 Critical Warning
Non-clocked sequential cell  
The clock pin dht11_sensor_inst/sensor_generate/one_counter_reg[19]/C is not reached by a timing clock
Related violations: <none>

TIMING-17#78 Critical Warning
Non-clocked sequential cell  
The clock pin dht11_sensor_inst/sensor_generate/one_counter_reg[1]/C is not reached by a timing clock
Related violations: <none>

TIMING-17#79 Critical Warning
Non-clocked sequential cell  
The clock pin dht11_sensor_inst/sensor_generate/one_counter_reg[20]/C is not reached by a timing clock
Related violations: <none>

TIMING-17#80 Critical Warning
Non-clocked sequential cell  
The clock pin dht11_sensor_inst/sensor_generate/one_counter_reg[21]/C is not reached by a timing clock
Related violations: <none>

TIMING-17#81 Critical Warning
Non-clocked sequential cell  
The clock pin dht11_sensor_inst/sensor_generate/one_counter_reg[22]/C is not reached by a timing clock
Related violations: <none>

TIMING-17#82 Critical Warning
Non-clocked sequential cell  
The clock pin dht11_sensor_inst/sensor_generate/one_counter_reg[23]/C is not reached by a timing clock
Related violations: <none>

TIMING-17#83 Critical Warning
Non-clocked sequential cell  
The clock pin dht11_sensor_inst/sensor_generate/one_counter_reg[24]/C is not reached by a timing clock
Related violations: <none>

TIMING-17#84 Critical Warning
Non-clocked sequential cell  
The clock pin dht11_sensor_inst/sensor_generate/one_counter_reg[25]/C is not reached by a timing clock
Related violations: <none>

TIMING-17#85 Critical Warning
Non-clocked sequential cell  
The clock pin dht11_sensor_inst/sensor_generate/one_counter_reg[26]/C is not reached by a timing clock
Related violations: <none>

TIMING-17#86 Critical Warning
Non-clocked sequential cell  
The clock pin dht11_sensor_inst/sensor_generate/one_counter_reg[27]/C is not reached by a timing clock
Related violations: <none>

TIMING-17#87 Critical Warning
Non-clocked sequential cell  
The clock pin dht11_sensor_inst/sensor_generate/one_counter_reg[28]/C is not reached by a timing clock
Related violations: <none>

TIMING-17#88 Critical Warning
Non-clocked sequential cell  
The clock pin dht11_sensor_inst/sensor_generate/one_counter_reg[29]/C is not reached by a timing clock
Related violations: <none>

TIMING-17#89 Critical Warning
Non-clocked sequential cell  
The clock pin dht11_sensor_inst/sensor_generate/one_counter_reg[2]/C is not reached by a timing clock
Related violations: <none>

TIMING-17#90 Critical Warning
Non-clocked sequential cell  
The clock pin dht11_sensor_inst/sensor_generate/one_counter_reg[30]/C is not reached by a timing clock
Related violations: <none>

TIMING-17#91 Critical Warning
Non-clocked sequential cell  
The clock pin dht11_sensor_inst/sensor_generate/one_counter_reg[31]/C is not reached by a timing clock
Related violations: <none>

TIMING-17#92 Critical Warning
Non-clocked sequential cell  
The clock pin dht11_sensor_inst/sensor_generate/one_counter_reg[3]/C is not reached by a timing clock
Related violations: <none>

TIMING-17#93 Critical Warning
Non-clocked sequential cell  
The clock pin dht11_sensor_inst/sensor_generate/one_counter_reg[4]/C is not reached by a timing clock
Related violations: <none>

TIMING-17#94 Critical Warning
Non-clocked sequential cell  
The clock pin dht11_sensor_inst/sensor_generate/one_counter_reg[5]/C is not reached by a timing clock
Related violations: <none>

TIMING-17#95 Critical Warning
Non-clocked sequential cell  
The clock pin dht11_sensor_inst/sensor_generate/one_counter_reg[6]/C is not reached by a timing clock
Related violations: <none>

TIMING-17#96 Critical Warning
Non-clocked sequential cell  
The clock pin dht11_sensor_inst/sensor_generate/one_counter_reg[7]/C is not reached by a timing clock
Related violations: <none>

TIMING-17#97 Critical Warning
Non-clocked sequential cell  
The clock pin dht11_sensor_inst/sensor_generate/one_counter_reg[8]/C is not reached by a timing clock
Related violations: <none>

TIMING-17#98 Critical Warning
Non-clocked sequential cell  
The clock pin dht11_sensor_inst/sensor_generate/one_counter_reg[9]/C is not reached by a timing clock
Related violations: <none>

TIMING-17#99 Critical Warning
Non-clocked sequential cell  
The clock pin dht11_sensor_inst/sensor_generate/temp_humid_signal_reg[0]/C is not reached by a timing clock
Related violations: <none>

TIMING-17#100 Critical Warning
Non-clocked sequential cell  
The clock pin dht11_sensor_inst/sensor_generate/temp_humid_signal_reg[15]_srl15/CLK is not reached by a timing clock
Related violations: <none>

TIMING-17#101 Critical Warning
Non-clocked sequential cell  
The clock pin dht11_sensor_inst/sensor_generate/temp_humid_signal_reg[16]/C is not reached by a timing clock
Related violations: <none>

TIMING-17#102 Critical Warning
Non-clocked sequential cell  
The clock pin dht11_sensor_inst/sensor_generate/temp_humid_signal_reg[17]/C is not reached by a timing clock
Related violations: <none>

TIMING-17#103 Critical Warning
Non-clocked sequential cell  
The clock pin dht11_sensor_inst/sensor_generate/temp_humid_signal_reg[18]/C is not reached by a timing clock
Related violations: <none>

TIMING-17#104 Critical Warning
Non-clocked sequential cell  
The clock pin dht11_sensor_inst/sensor_generate/temp_humid_signal_reg[19]/C is not reached by a timing clock
Related violations: <none>

TIMING-17#105 Critical Warning
Non-clocked sequential cell  
The clock pin dht11_sensor_inst/sensor_generate/temp_humid_signal_reg[20]/C is not reached by a timing clock
Related violations: <none>

TIMING-17#106 Critical Warning
Non-clocked sequential cell  
The clock pin dht11_sensor_inst/sensor_generate/temp_humid_signal_reg[21]/C is not reached by a timing clock
Related violations: <none>

TIMING-17#107 Critical Warning
Non-clocked sequential cell  
The clock pin dht11_sensor_inst/sensor_generate/temp_humid_signal_reg[22]/C is not reached by a timing clock
Related violations: <none>

TIMING-17#108 Critical Warning
Non-clocked sequential cell  
The clock pin dht11_sensor_inst/sensor_generate/temp_humid_signal_reg[23]/C is not reached by a timing clock
Related violations: <none>

TIMING-17#109 Critical Warning
Non-clocked sequential cell  
The clock pin dht11_sensor_inst/sensor_generate/temp_humid_signal_reg[31]_srl8/CLK is not reached by a timing clock
Related violations: <none>

TIMING-17#110 Critical Warning
Non-clocked sequential cell  
The clock pin dht11_sensor_inst/sensor_generate/temp_humid_signal_reg[32]/C is not reached by a timing clock
Related violations: <none>

TIMING-17#111 Critical Warning
Non-clocked sequential cell  
The clock pin dht11_sensor_inst/sensor_generate/temp_humid_signal_reg[33]/C is not reached by a timing clock
Related violations: <none>

TIMING-17#112 Critical Warning
Non-clocked sequential cell  
The clock pin dht11_sensor_inst/sensor_generate/temp_humid_signal_reg[34]/C is not reached by a timing clock
Related violations: <none>

TIMING-17#113 Critical Warning
Non-clocked sequential cell  
The clock pin dht11_sensor_inst/sensor_generate/temp_humid_signal_reg[35]/C is not reached by a timing clock
Related violations: <none>

TIMING-17#114 Critical Warning
Non-clocked sequential cell  
The clock pin dht11_sensor_inst/sensor_generate/temp_humid_signal_reg[36]/C is not reached by a timing clock
Related violations: <none>

TIMING-17#115 Critical Warning
Non-clocked sequential cell  
The clock pin dht11_sensor_inst/sensor_generate/temp_humid_signal_reg[37]/C is not reached by a timing clock
Related violations: <none>

TIMING-17#116 Critical Warning
Non-clocked sequential cell  
The clock pin dht11_sensor_inst/sensor_generate/temp_humid_signal_reg[38]/C is not reached by a timing clock
Related violations: <none>

TIMING-17#117 Critical Warning
Non-clocked sequential cell  
The clock pin dht11_sensor_inst/sensor_generate/temp_humid_signal_reg[39]/C is not reached by a timing clock
Related violations: <none>

TIMING-17#118 Critical Warning
Non-clocked sequential cell  
The clock pin dht11_sensor_inst/timer_count/refresh_counter_reg[0]/C is not reached by a timing clock
Related violations: <none>

TIMING-17#119 Critical Warning
Non-clocked sequential cell  
The clock pin dht11_sensor_inst/timer_count/refresh_counter_reg[10]/C is not reached by a timing clock
Related violations: <none>

TIMING-17#120 Critical Warning
Non-clocked sequential cell  
The clock pin dht11_sensor_inst/timer_count/refresh_counter_reg[11]/C is not reached by a timing clock
Related violations: <none>

TIMING-17#121 Critical Warning
Non-clocked sequential cell  
The clock pin dht11_sensor_inst/timer_count/refresh_counter_reg[12]/C is not reached by a timing clock
Related violations: <none>

TIMING-17#122 Critical Warning
Non-clocked sequential cell  
The clock pin dht11_sensor_inst/timer_count/refresh_counter_reg[13]/C is not reached by a timing clock
Related violations: <none>

TIMING-17#123 Critical Warning
Non-clocked sequential cell  
The clock pin dht11_sensor_inst/timer_count/refresh_counter_reg[14]/C is not reached by a timing clock
Related violations: <none>

TIMING-17#124 Critical Warning
Non-clocked sequential cell  
The clock pin dht11_sensor_inst/timer_count/refresh_counter_reg[15]/C is not reached by a timing clock
Related violations: <none>

TIMING-17#125 Critical Warning
Non-clocked sequential cell  
The clock pin dht11_sensor_inst/timer_count/refresh_counter_reg[16]/C is not reached by a timing clock
Related violations: <none>

TIMING-17#126 Critical Warning
Non-clocked sequential cell  
The clock pin dht11_sensor_inst/timer_count/refresh_counter_reg[17]/C is not reached by a timing clock
Related violations: <none>

TIMING-17#127 Critical Warning
Non-clocked sequential cell  
The clock pin dht11_sensor_inst/timer_count/refresh_counter_reg[18]/C is not reached by a timing clock
Related violations: <none>

TIMING-17#128 Critical Warning
Non-clocked sequential cell  
The clock pin dht11_sensor_inst/timer_count/refresh_counter_reg[19]/C is not reached by a timing clock
Related violations: <none>

TIMING-17#129 Critical Warning
Non-clocked sequential cell  
The clock pin dht11_sensor_inst/timer_count/refresh_counter_reg[1]/C is not reached by a timing clock
Related violations: <none>

TIMING-17#130 Critical Warning
Non-clocked sequential cell  
The clock pin dht11_sensor_inst/timer_count/refresh_counter_reg[2]/C is not reached by a timing clock
Related violations: <none>

TIMING-17#131 Critical Warning
Non-clocked sequential cell  
The clock pin dht11_sensor_inst/timer_count/refresh_counter_reg[3]/C is not reached by a timing clock
Related violations: <none>

TIMING-17#132 Critical Warning
Non-clocked sequential cell  
The clock pin dht11_sensor_inst/timer_count/refresh_counter_reg[4]/C is not reached by a timing clock
Related violations: <none>

TIMING-17#133 Critical Warning
Non-clocked sequential cell  
The clock pin dht11_sensor_inst/timer_count/refresh_counter_reg[5]/C is not reached by a timing clock
Related violations: <none>

TIMING-17#134 Critical Warning
Non-clocked sequential cell  
The clock pin dht11_sensor_inst/timer_count/refresh_counter_reg[6]/C is not reached by a timing clock
Related violations: <none>

TIMING-17#135 Critical Warning
Non-clocked sequential cell  
The clock pin dht11_sensor_inst/timer_count/refresh_counter_reg[7]/C is not reached by a timing clock
Related violations: <none>

TIMING-17#136 Critical Warning
Non-clocked sequential cell  
The clock pin dht11_sensor_inst/timer_count/refresh_counter_reg[8]/C is not reached by a timing clock
Related violations: <none>

TIMING-17#137 Critical Warning
Non-clocked sequential cell  
The clock pin dht11_sensor_inst/timer_count/refresh_counter_reg[9]/C is not reached by a timing clock
Related violations: <none>

TIMING-17#138 Critical Warning
Non-clocked sequential cell  
The clock pin hcsr04_inst/centimeter_reg[1]/C is not reached by a timing clock
Related violations: <none>

TIMING-17#139 Critical Warning
Non-clocked sequential cell  
The clock pin hcsr04_inst/centimeter_reg[2]/C is not reached by a timing clock
Related violations: <none>

TIMING-17#140 Critical Warning
Non-clocked sequential cell  
The clock pin hcsr04_inst/centimeter_reg[3]/C is not reached by a timing clock
Related violations: <none>

TIMING-17#141 Critical Warning
Non-clocked sequential cell  
The clock pin hcsr04_inst/centimeter_reg[4]/C is not reached by a timing clock
Related violations: <none>

TIMING-17#142 Critical Warning
Non-clocked sequential cell  
The clock pin hcsr04_inst/centimeter_reg[5]/C is not reached by a timing clock
Related violations: <none>

TIMING-17#143 Critical Warning
Non-clocked sequential cell  
The clock pin hcsr04_inst/centimeter_reg[6]/C is not reached by a timing clock
Related violations: <none>

TIMING-17#144 Critical Warning
Non-clocked sequential cell  
The clock pin hcsr04_inst/centimeter_reg[7]/C is not reached by a timing clock
Related violations: <none>

TIMING-17#145 Critical Warning
Non-clocked sequential cell  
The clock pin hcsr04_inst/clk_out_reg/C is not reached by a timing clock
Related violations: <none>

TIMING-17#146 Critical Warning
Non-clocked sequential cell  
The clock pin hcsr04_inst/cont_reg[0]/C is not reached by a timing clock
Related violations: <none>

TIMING-17#147 Critical Warning
Non-clocked sequential cell  
The clock pin hcsr04_inst/cont_reg[10]/C is not reached by a timing clock
Related violations: <none>

TIMING-17#148 Critical Warning
Non-clocked sequential cell  
The clock pin hcsr04_inst/cont_reg[11]/C is not reached by a timing clock
Related violations: <none>

TIMING-17#149 Critical Warning
Non-clocked sequential cell  
The clock pin hcsr04_inst/cont_reg[12]/C is not reached by a timing clock
Related violations: <none>

TIMING-17#150 Critical Warning
Non-clocked sequential cell  
The clock pin hcsr04_inst/cont_reg[13]/C is not reached by a timing clock
Related violations: <none>

TIMING-17#151 Critical Warning
Non-clocked sequential cell  
The clock pin hcsr04_inst/cont_reg[14]/C is not reached by a timing clock
Related violations: <none>

TIMING-17#152 Critical Warning
Non-clocked sequential cell  
The clock pin hcsr04_inst/cont_reg[15]/C is not reached by a timing clock
Related violations: <none>

TIMING-17#153 Critical Warning
Non-clocked sequential cell  
The clock pin hcsr04_inst/cont_reg[16]/C is not reached by a timing clock
Related violations: <none>

TIMING-17#154 Critical Warning
Non-clocked sequential cell  
The clock pin hcsr04_inst/cont_reg[17]/C is not reached by a timing clock
Related violations: <none>

TIMING-17#155 Critical Warning
Non-clocked sequential cell  
The clock pin hcsr04_inst/cont_reg[18]/C is not reached by a timing clock
Related violations: <none>

TIMING-17#156 Critical Warning
Non-clocked sequential cell  
The clock pin hcsr04_inst/cont_reg[19]/C is not reached by a timing clock
Related violations: <none>

TIMING-17#157 Critical Warning
Non-clocked sequential cell  
The clock pin hcsr04_inst/cont_reg[1]/C is not reached by a timing clock
Related violations: <none>

TIMING-17#158 Critical Warning
Non-clocked sequential cell  
The clock pin hcsr04_inst/cont_reg[20]/C is not reached by a timing clock
Related violations: <none>

TIMING-17#159 Critical Warning
Non-clocked sequential cell  
The clock pin hcsr04_inst/cont_reg[21]/C is not reached by a timing clock
Related violations: <none>

TIMING-17#160 Critical Warning
Non-clocked sequential cell  
The clock pin hcsr04_inst/cont_reg[22]/C is not reached by a timing clock
Related violations: <none>

TIMING-17#161 Critical Warning
Non-clocked sequential cell  
The clock pin hcsr04_inst/cont_reg[23]/C is not reached by a timing clock
Related violations: <none>

TIMING-17#162 Critical Warning
Non-clocked sequential cell  
The clock pin hcsr04_inst/cont_reg[24]/C is not reached by a timing clock
Related violations: <none>

TIMING-17#163 Critical Warning
Non-clocked sequential cell  
The clock pin hcsr04_inst/cont_reg[25]/C is not reached by a timing clock
Related violations: <none>

TIMING-17#164 Critical Warning
Non-clocked sequential cell  
The clock pin hcsr04_inst/cont_reg[26]/C is not reached by a timing clock
Related violations: <none>

TIMING-17#165 Critical Warning
Non-clocked sequential cell  
The clock pin hcsr04_inst/cont_reg[27]/C is not reached by a timing clock
Related violations: <none>

TIMING-17#166 Critical Warning
Non-clocked sequential cell  
The clock pin hcsr04_inst/cont_reg[28]/C is not reached by a timing clock
Related violations: <none>

TIMING-17#167 Critical Warning
Non-clocked sequential cell  
The clock pin hcsr04_inst/cont_reg[29]/C is not reached by a timing clock
Related violations: <none>

TIMING-17#168 Critical Warning
Non-clocked sequential cell  
The clock pin hcsr04_inst/cont_reg[2]/C is not reached by a timing clock
Related violations: <none>

TIMING-17#169 Critical Warning
Non-clocked sequential cell  
The clock pin hcsr04_inst/cont_reg[30]/C is not reached by a timing clock
Related violations: <none>

TIMING-17#170 Critical Warning
Non-clocked sequential cell  
The clock pin hcsr04_inst/cont_reg[31]/C is not reached by a timing clock
Related violations: <none>

TIMING-17#171 Critical Warning
Non-clocked sequential cell  
The clock pin hcsr04_inst/cont_reg[3]/C is not reached by a timing clock
Related violations: <none>

TIMING-17#172 Critical Warning
Non-clocked sequential cell  
The clock pin hcsr04_inst/cont_reg[4]/C is not reached by a timing clock
Related violations: <none>

TIMING-17#173 Critical Warning
Non-clocked sequential cell  
The clock pin hcsr04_inst/cont_reg[5]/C is not reached by a timing clock
Related violations: <none>

TIMING-17#174 Critical Warning
Non-clocked sequential cell  
The clock pin hcsr04_inst/cont_reg[6]/C is not reached by a timing clock
Related violations: <none>

TIMING-17#175 Critical Warning
Non-clocked sequential cell  
The clock pin hcsr04_inst/cont_reg[7]/C is not reached by a timing clock
Related violations: <none>

TIMING-17#176 Critical Warning
Non-clocked sequential cell  
The clock pin hcsr04_inst/cont_reg[8]/C is not reached by a timing clock
Related violations: <none>

TIMING-17#177 Critical Warning
Non-clocked sequential cell  
The clock pin hcsr04_inst/cont_reg[9]/C is not reached by a timing clock
Related violations: <none>

TIMING-17#178 Critical Warning
Non-clocked sequential cell  
The clock pin hcsr04_inst/echo_time_reg[0]/C is not reached by a timing clock
Related violations: <none>

TIMING-17#179 Critical Warning
Non-clocked sequential cell  
The clock pin hcsr04_inst/echo_time_reg[10]/C is not reached by a timing clock
Related violations: <none>

TIMING-17#180 Critical Warning
Non-clocked sequential cell  
The clock pin hcsr04_inst/echo_time_reg[11]/C is not reached by a timing clock
Related violations: <none>

TIMING-17#181 Critical Warning
Non-clocked sequential cell  
The clock pin hcsr04_inst/echo_time_reg[12]/C is not reached by a timing clock
Related violations: <none>

TIMING-17#182 Critical Warning
Non-clocked sequential cell  
The clock pin hcsr04_inst/echo_time_reg[13]/C is not reached by a timing clock
Related violations: <none>

TIMING-17#183 Critical Warning
Non-clocked sequential cell  
The clock pin hcsr04_inst/echo_time_reg[14]/C is not reached by a timing clock
Related violations: <none>

TIMING-17#184 Critical Warning
Non-clocked sequential cell  
The clock pin hcsr04_inst/echo_time_reg[15]/C is not reached by a timing clock
Related violations: <none>

TIMING-17#185 Critical Warning
Non-clocked sequential cell  
The clock pin hcsr04_inst/echo_time_reg[16]/C is not reached by a timing clock
Related violations: <none>

TIMING-17#186 Critical Warning
Non-clocked sequential cell  
The clock pin hcsr04_inst/echo_time_reg[17]/C is not reached by a timing clock
Related violations: <none>

TIMING-17#187 Critical Warning
Non-clocked sequential cell  
The clock pin hcsr04_inst/echo_time_reg[18]/C is not reached by a timing clock
Related violations: <none>

TIMING-17#188 Critical Warning
Non-clocked sequential cell  
The clock pin hcsr04_inst/echo_time_reg[19]/C is not reached by a timing clock
Related violations: <none>

TIMING-17#189 Critical Warning
Non-clocked sequential cell  
The clock pin hcsr04_inst/echo_time_reg[1]/C is not reached by a timing clock
Related violations: <none>

TIMING-17#190 Critical Warning
Non-clocked sequential cell  
The clock pin hcsr04_inst/echo_time_reg[20]/C is not reached by a timing clock
Related violations: <none>

TIMING-17#191 Critical Warning
Non-clocked sequential cell  
The clock pin hcsr04_inst/echo_time_reg[21]/C is not reached by a timing clock
Related violations: <none>

TIMING-17#192 Critical Warning
Non-clocked sequential cell  
The clock pin hcsr04_inst/echo_time_reg[22]/C is not reached by a timing clock
Related violations: <none>

TIMING-17#193 Critical Warning
Non-clocked sequential cell  
The clock pin hcsr04_inst/echo_time_reg[23]/C is not reached by a timing clock
Related violations: <none>

TIMING-17#194 Critical Warning
Non-clocked sequential cell  
The clock pin hcsr04_inst/echo_time_reg[24]/C is not reached by a timing clock
Related violations: <none>

TIMING-17#195 Critical Warning
Non-clocked sequential cell  
The clock pin hcsr04_inst/echo_time_reg[25]/C is not reached by a timing clock
Related violations: <none>

TIMING-17#196 Critical Warning
Non-clocked sequential cell  
The clock pin hcsr04_inst/echo_time_reg[26]/C is not reached by a timing clock
Related violations: <none>

TIMING-17#197 Critical Warning
Non-clocked sequential cell  
The clock pin hcsr04_inst/echo_time_reg[27]/C is not reached by a timing clock
Related violations: <none>

TIMING-17#198 Critical Warning
Non-clocked sequential cell  
The clock pin hcsr04_inst/echo_time_reg[28]/C is not reached by a timing clock
Related violations: <none>

TIMING-17#199 Critical Warning
Non-clocked sequential cell  
The clock pin hcsr04_inst/echo_time_reg[29]/C is not reached by a timing clock
Related violations: <none>

TIMING-17#200 Critical Warning
Non-clocked sequential cell  
The clock pin hcsr04_inst/echo_time_reg[2]/C is not reached by a timing clock
Related violations: <none>

TIMING-17#201 Critical Warning
Non-clocked sequential cell  
The clock pin hcsr04_inst/echo_time_reg[30]/C is not reached by a timing clock
Related violations: <none>

TIMING-17#202 Critical Warning
Non-clocked sequential cell  
The clock pin hcsr04_inst/echo_time_reg[31]/C is not reached by a timing clock
Related violations: <none>

TIMING-17#203 Critical Warning
Non-clocked sequential cell  
The clock pin hcsr04_inst/echo_time_reg[3]/C is not reached by a timing clock
Related violations: <none>

TIMING-17#204 Critical Warning
Non-clocked sequential cell  
The clock pin hcsr04_inst/echo_time_reg[4]/C is not reached by a timing clock
Related violations: <none>

TIMING-17#205 Critical Warning
Non-clocked sequential cell  
The clock pin hcsr04_inst/echo_time_reg[5]/C is not reached by a timing clock
Related violations: <none>

TIMING-17#206 Critical Warning
Non-clocked sequential cell  
The clock pin hcsr04_inst/echo_time_reg[6]/C is not reached by a timing clock
Related violations: <none>

TIMING-17#207 Critical Warning
Non-clocked sequential cell  
The clock pin hcsr04_inst/echo_time_reg[7]/C is not reached by a timing clock
Related violations: <none>

TIMING-17#208 Critical Warning
Non-clocked sequential cell  
The clock pin hcsr04_inst/echo_time_reg[8]/C is not reached by a timing clock
Related violations: <none>

TIMING-17#209 Critical Warning
Non-clocked sequential cell  
The clock pin hcsr04_inst/echo_time_reg[9]/C is not reached by a timing clock
Related violations: <none>

TIMING-17#210 Critical Warning
Non-clocked sequential cell  
The clock pin hcsr04_inst/trig11_reg/C is not reached by a timing clock
Related violations: <none>

TIMING-17#211 Critical Warning
Non-clocked sequential cell  
The clock pin hcsr04_inst/trig_event_reg/C is not reached by a timing clock
Related violations: <none>

TIMING-17#212 Critical Warning
Non-clocked sequential cell  
The clock pin hcsr04_inst/trig_time_reg[0]/C is not reached by a timing clock
Related violations: <none>

TIMING-17#213 Critical Warning
Non-clocked sequential cell  
The clock pin hcsr04_inst/trig_time_reg[10]/C is not reached by a timing clock
Related violations: <none>

TIMING-17#214 Critical Warning
Non-clocked sequential cell  
The clock pin hcsr04_inst/trig_time_reg[11]/C is not reached by a timing clock
Related violations: <none>

TIMING-17#215 Critical Warning
Non-clocked sequential cell  
The clock pin hcsr04_inst/trig_time_reg[12]/C is not reached by a timing clock
Related violations: <none>

TIMING-17#216 Critical Warning
Non-clocked sequential cell  
The clock pin hcsr04_inst/trig_time_reg[13]/C is not reached by a timing clock
Related violations: <none>

TIMING-17#217 Critical Warning
Non-clocked sequential cell  
The clock pin hcsr04_inst/trig_time_reg[14]/C is not reached by a timing clock
Related violations: <none>

TIMING-17#218 Critical Warning
Non-clocked sequential cell  
The clock pin hcsr04_inst/trig_time_reg[15]/C is not reached by a timing clock
Related violations: <none>

TIMING-17#219 Critical Warning
Non-clocked sequential cell  
The clock pin hcsr04_inst/trig_time_reg[16]/C is not reached by a timing clock
Related violations: <none>

TIMING-17#220 Critical Warning
Non-clocked sequential cell  
The clock pin hcsr04_inst/trig_time_reg[17]/C is not reached by a timing clock
Related violations: <none>

TIMING-17#221 Critical Warning
Non-clocked sequential cell  
The clock pin hcsr04_inst/trig_time_reg[18]/C is not reached by a timing clock
Related violations: <none>

TIMING-17#222 Critical Warning
Non-clocked sequential cell  
The clock pin hcsr04_inst/trig_time_reg[19]/C is not reached by a timing clock
Related violations: <none>

TIMING-17#223 Critical Warning
Non-clocked sequential cell  
The clock pin hcsr04_inst/trig_time_reg[1]/C is not reached by a timing clock
Related violations: <none>

TIMING-17#224 Critical Warning
Non-clocked sequential cell  
The clock pin hcsr04_inst/trig_time_reg[20]/C is not reached by a timing clock
Related violations: <none>

TIMING-17#225 Critical Warning
Non-clocked sequential cell  
The clock pin hcsr04_inst/trig_time_reg[21]/C is not reached by a timing clock
Related violations: <none>

TIMING-17#226 Critical Warning
Non-clocked sequential cell  
The clock pin hcsr04_inst/trig_time_reg[22]/C is not reached by a timing clock
Related violations: <none>

TIMING-17#227 Critical Warning
Non-clocked sequential cell  
The clock pin hcsr04_inst/trig_time_reg[23]/C is not reached by a timing clock
Related violations: <none>

TIMING-17#228 Critical Warning
Non-clocked sequential cell  
The clock pin hcsr04_inst/trig_time_reg[24]/C is not reached by a timing clock
Related violations: <none>

TIMING-17#229 Critical Warning
Non-clocked sequential cell  
The clock pin hcsr04_inst/trig_time_reg[25]/C is not reached by a timing clock
Related violations: <none>

TIMING-17#230 Critical Warning
Non-clocked sequential cell  
The clock pin hcsr04_inst/trig_time_reg[26]/C is not reached by a timing clock
Related violations: <none>

TIMING-17#231 Critical Warning
Non-clocked sequential cell  
The clock pin hcsr04_inst/trig_time_reg[27]/C is not reached by a timing clock
Related violations: <none>

TIMING-17#232 Critical Warning
Non-clocked sequential cell  
The clock pin hcsr04_inst/trig_time_reg[28]/C is not reached by a timing clock
Related violations: <none>

TIMING-17#233 Critical Warning
Non-clocked sequential cell  
The clock pin hcsr04_inst/trig_time_reg[29]/C is not reached by a timing clock
Related violations: <none>

TIMING-17#234 Critical Warning
Non-clocked sequential cell  
The clock pin hcsr04_inst/trig_time_reg[2]/C is not reached by a timing clock
Related violations: <none>

TIMING-17#235 Critical Warning
Non-clocked sequential cell  
The clock pin hcsr04_inst/trig_time_reg[30]/C is not reached by a timing clock
Related violations: <none>

TIMING-17#236 Critical Warning
Non-clocked sequential cell  
The clock pin hcsr04_inst/trig_time_reg[31]/C is not reached by a timing clock
Related violations: <none>

TIMING-17#237 Critical Warning
Non-clocked sequential cell  
The clock pin hcsr04_inst/trig_time_reg[3]/C is not reached by a timing clock
Related violations: <none>

TIMING-17#238 Critical Warning
Non-clocked sequential cell  
The clock pin hcsr04_inst/trig_time_reg[4]/C is not reached by a timing clock
Related violations: <none>

TIMING-17#239 Critical Warning
Non-clocked sequential cell  
The clock pin hcsr04_inst/trig_time_reg[5]/C is not reached by a timing clock
Related violations: <none>

TIMING-17#240 Critical Warning
Non-clocked sequential cell  
The clock pin hcsr04_inst/trig_time_reg[6]/C is not reached by a timing clock
Related violations: <none>

TIMING-17#241 Critical Warning
Non-clocked sequential cell  
The clock pin hcsr04_inst/trig_time_reg[7]/C is not reached by a timing clock
Related violations: <none>

TIMING-17#242 Critical Warning
Non-clocked sequential cell  
The clock pin hcsr04_inst/trig_time_reg[8]/C is not reached by a timing clock
Related violations: <none>

TIMING-17#243 Critical Warning
Non-clocked sequential cell  
The clock pin hcsr04_inst/trig_time_reg[9]/C is not reached by a timing clock
Related violations: <none>

TIMING-17#244 Critical Warning
Non-clocked sequential cell  
The clock pin high_humid_warning_reg/C is not reached by a timing clock
Related violations: <none>

TIMING-17#245 Critical Warning
Non-clocked sequential cell  
The clock pin high_temp_warning_reg/C is not reached by a timing clock
Related violations: <none>

TIMING-17#246 Critical Warning
Non-clocked sequential cell  
The clock pin low_humid_warning_reg/C is not reached by a timing clock
Related violations: <none>

TIMING-17#247 Critical Warning
Non-clocked sequential cell  
The clock pin low_temp_warning_reg/C is not reached by a timing clock
Related violations: <none>

HPDR-1#1 Warning
Port pin direction inconsistency  
Hierarchical port(pin) high_humid_warning direction INOUT is not consistent with the directions of the cell pins/ports found at that level of the netlist hierarchy. Please review the design and consider changing the port(pin) direction. Both drivers and loads were expected for the net (high_humid_warning) connected to this Port, but both were not found.
Related violations: <none>

HPDR-1#2 Warning
Port pin direction inconsistency  
Hierarchical port(pin) high_temp_warning direction INOUT is not consistent with the directions of the cell pins/ports found at that level of the netlist hierarchy. Please review the design and consider changing the port(pin) direction. Both drivers and loads were expected for the net (high_temp_warning) connected to this Port, but both were not found.
Related violations: <none>

HPDR-1#3 Warning
Port pin direction inconsistency  
Hierarchical port(pin) low_humid_warning direction INOUT is not consistent with the directions of the cell pins/ports found at that level of the netlist hierarchy. Please review the design and consider changing the port(pin) direction. Both drivers and loads were expected for the net (low_humid_warning) connected to this Port, but both were not found.
Related violations: <none>

HPDR-1#4 Warning
Port pin direction inconsistency  
Hierarchical port(pin) low_temp_warning direction INOUT is not consistent with the directions of the cell pins/ports found at that level of the netlist hierarchy. Please review the design and consider changing the port(pin) direction. Both drivers and loads were expected for the net (low_temp_warning) connected to this Port, but both were not found.
Related violations: <none>

LUTAR-1#1 Warning
LUT drives async reset alert  
LUT cell dht11_sensor_inst/sensor_generate/ssd1_reg[0]_i_1, with 2 or more inputs, drives asynchronous preset/clear pin(s) dht11_sensor_inst/decod_for_ssd/ssd_iden/ssd1_reg[0]/CLR. The LUT may glitch and trigger an unexpected reset, even if it is a properly timed path.
Related violations: <none>

LUTAR-1#2 Warning
LUT drives async reset alert  
LUT cell dht11_sensor_inst/sensor_generate/ssd1_reg[1]_i_2, with 2 or more inputs, drives asynchronous preset/clear pin(s) dht11_sensor_inst/decod_for_ssd/ssd_iden/ssd1_reg[0]/PRE
dht11_sensor_inst/decod_for_ssd/ssd_iden/ssd1_reg[1]/CLR. The LUT may glitch and trigger an unexpected reset, even if it is a properly timed path.
Related violations: <none>

LUTAR-1#3 Warning
LUT drives async reset alert  
LUT cell dht11_sensor_inst/sensor_generate/ssd1_reg[1]_i_3, with 2 or more inputs, drives asynchronous preset/clear pin(s) dht11_sensor_inst/decod_for_ssd/ssd_iden/ssd1_reg[1]/PRE. The LUT may glitch and trigger an unexpected reset, even if it is a properly timed path.
Related violations: <none>

LUTAR-1#4 Warning
LUT drives async reset alert  
LUT cell dht11_sensor_inst/sensor_generate/ssd3_reg[0]_i_1, with 2 or more inputs, drives asynchronous preset/clear pin(s) dht11_sensor_inst/decod_for_ssd/ssd_iden/ssd3_reg[0]/CLR. The LUT may glitch and trigger an unexpected reset, even if it is a properly timed path.
Related violations: <none>

LUTAR-1#5 Warning
LUT drives async reset alert  
LUT cell dht11_sensor_inst/sensor_generate/ssd3_reg[1]_i_2, with 2 or more inputs, drives asynchronous preset/clear pin(s) dht11_sensor_inst/decod_for_ssd/ssd_iden/ssd3_reg[0]/PRE
dht11_sensor_inst/decod_for_ssd/ssd_iden/ssd3_reg[1]/CLR. The LUT may glitch and trigger an unexpected reset, even if it is a properly timed path.
Related violations: <none>

LUTAR-1#6 Warning
LUT drives async reset alert  
LUT cell dht11_sensor_inst/sensor_generate/ssd3_reg[1]_i_3, with 2 or more inputs, drives asynchronous preset/clear pin(s) dht11_sensor_inst/decod_for_ssd/ssd_iden/ssd3_reg[1]/PRE. The LUT may glitch and trigger an unexpected reset, even if it is a properly timed path.
Related violations: <none>

TIMING-20#1 Warning
Non-clocked latch  
The latch air_humid_threshold_high_reg[0] cannot be properly analyzed as its control pin air_humid_threshold_high_reg[0]/G is not reached by a timing clock
Related violations: <none>

TIMING-20#2 Warning
Non-clocked latch  
The latch air_humid_threshold_high_reg[1] cannot be properly analyzed as its control pin air_humid_threshold_high_reg[1]/G is not reached by a timing clock
Related violations: <none>

TIMING-20#3 Warning
Non-clocked latch  
The latch air_humid_threshold_high_reg[2] cannot be properly analyzed as its control pin air_humid_threshold_high_reg[2]/G is not reached by a timing clock
Related violations: <none>

TIMING-20#4 Warning
Non-clocked latch  
The latch air_humid_threshold_high_reg[3] cannot be properly analyzed as its control pin air_humid_threshold_high_reg[3]/G is not reached by a timing clock
Related violations: <none>

TIMING-20#5 Warning
Non-clocked latch  
The latch air_humid_threshold_high_reg[4] cannot be properly analyzed as its control pin air_humid_threshold_high_reg[4]/G is not reached by a timing clock
Related violations: <none>

TIMING-20#6 Warning
Non-clocked latch  
The latch air_humid_threshold_high_reg[5] cannot be properly analyzed as its control pin air_humid_threshold_high_reg[5]/G is not reached by a timing clock
Related violations: <none>

TIMING-20#7 Warning
Non-clocked latch  
The latch air_humid_threshold_high_reg[6] cannot be properly analyzed as its control pin air_humid_threshold_high_reg[6]/G is not reached by a timing clock
Related violations: <none>

TIMING-20#8 Warning
Non-clocked latch  
The latch air_humid_threshold_high_reg[7] cannot be properly analyzed as its control pin air_humid_threshold_high_reg[7]/G is not reached by a timing clock
Related violations: <none>

TIMING-20#9 Warning
Non-clocked latch  
The latch air_humid_threshold_low_reg[0] cannot be properly analyzed as its control pin air_humid_threshold_low_reg[0]/G is not reached by a timing clock
Related violations: <none>

TIMING-20#10 Warning
Non-clocked latch  
The latch air_humid_threshold_low_reg[1] cannot be properly analyzed as its control pin air_humid_threshold_low_reg[1]/G is not reached by a timing clock
Related violations: <none>

TIMING-20#11 Warning
Non-clocked latch  
The latch air_humid_threshold_low_reg[2] cannot be properly analyzed as its control pin air_humid_threshold_low_reg[2]/G is not reached by a timing clock
Related violations: <none>

TIMING-20#12 Warning
Non-clocked latch  
The latch air_humid_threshold_low_reg[3] cannot be properly analyzed as its control pin air_humid_threshold_low_reg[3]/G is not reached by a timing clock
Related violations: <none>

TIMING-20#13 Warning
Non-clocked latch  
The latch air_humid_threshold_low_reg[4] cannot be properly analyzed as its control pin air_humid_threshold_low_reg[4]/G is not reached by a timing clock
Related violations: <none>

TIMING-20#14 Warning
Non-clocked latch  
The latch air_humid_threshold_low_reg[5] cannot be properly analyzed as its control pin air_humid_threshold_low_reg[5]/G is not reached by a timing clock
Related violations: <none>

TIMING-20#15 Warning
Non-clocked latch  
The latch air_humid_threshold_low_reg[6] cannot be properly analyzed as its control pin air_humid_threshold_low_reg[6]/G is not reached by a timing clock
Related violations: <none>

TIMING-20#16 Warning
Non-clocked latch  
The latch air_humid_threshold_low_reg[7] cannot be properly analyzed as its control pin air_humid_threshold_low_reg[7]/G is not reached by a timing clock
Related violations: <none>

TIMING-20#17 Warning
Non-clocked latch  
The latch dht11_sensor_inst/decod_for_ssd/ssd_iden/ssd1_reg[0]/L7 (in dht11_sensor_inst/decod_for_ssd/ssd_iden/ssd1_reg[0] macro) cannot be properly analyzed as its control pin dht11_sensor_inst/decod_for_ssd/ssd_iden/ssd1_reg[0]/L7/G is not reached by a timing clock
Related violations: <none>

TIMING-20#18 Warning
Non-clocked latch  
The latch dht11_sensor_inst/decod_for_ssd/ssd_iden/ssd1_reg[1]/L7 (in dht11_sensor_inst/decod_for_ssd/ssd_iden/ssd1_reg[1] macro) cannot be properly analyzed as its control pin dht11_sensor_inst/decod_for_ssd/ssd_iden/ssd1_reg[1]/L7/G is not reached by a timing clock
Related violations: <none>

TIMING-20#19 Warning
Non-clocked latch  
The latch dht11_sensor_inst/decod_for_ssd/ssd_iden/ssd2_reg[0] cannot be properly analyzed as its control pin dht11_sensor_inst/decod_for_ssd/ssd_iden/ssd2_reg[0]/G is not reached by a timing clock
Related violations: <none>

TIMING-20#20 Warning
Non-clocked latch  
The latch dht11_sensor_inst/decod_for_ssd/ssd_iden/ssd2_reg[1] cannot be properly analyzed as its control pin dht11_sensor_inst/decod_for_ssd/ssd_iden/ssd2_reg[1]/G is not reached by a timing clock
Related violations: <none>

TIMING-20#21 Warning
Non-clocked latch  
The latch dht11_sensor_inst/decod_for_ssd/ssd_iden/ssd2_reg[2] cannot be properly analyzed as its control pin dht11_sensor_inst/decod_for_ssd/ssd_iden/ssd2_reg[2]/G is not reached by a timing clock
Related violations: <none>

TIMING-20#22 Warning
Non-clocked latch  
The latch dht11_sensor_inst/decod_for_ssd/ssd_iden/ssd2_reg[3] cannot be properly analyzed as its control pin dht11_sensor_inst/decod_for_ssd/ssd_iden/ssd2_reg[3]/G is not reached by a timing clock
Related violations: <none>

TIMING-20#23 Warning
Non-clocked latch  
The latch dht11_sensor_inst/decod_for_ssd/ssd_iden/ssd3_reg[0]/L7 (in dht11_sensor_inst/decod_for_ssd/ssd_iden/ssd3_reg[0] macro) cannot be properly analyzed as its control pin dht11_sensor_inst/decod_for_ssd/ssd_iden/ssd3_reg[0]/L7/G is not reached by a timing clock
Related violations: <none>

TIMING-20#24 Warning
Non-clocked latch  
The latch dht11_sensor_inst/decod_for_ssd/ssd_iden/ssd3_reg[1]/L7 (in dht11_sensor_inst/decod_for_ssd/ssd_iden/ssd3_reg[1] macro) cannot be properly analyzed as its control pin dht11_sensor_inst/decod_for_ssd/ssd_iden/ssd3_reg[1]/L7/G is not reached by a timing clock
Related violations: <none>

TIMING-20#25 Warning
Non-clocked latch  
The latch dht11_sensor_inst/decod_for_ssd/ssd_iden/ssd4_reg[0] cannot be properly analyzed as its control pin dht11_sensor_inst/decod_for_ssd/ssd_iden/ssd4_reg[0]/G is not reached by a timing clock
Related violations: <none>

TIMING-20#26 Warning
Non-clocked latch  
The latch dht11_sensor_inst/decod_for_ssd/ssd_iden/ssd4_reg[1] cannot be properly analyzed as its control pin dht11_sensor_inst/decod_for_ssd/ssd_iden/ssd4_reg[1]/G is not reached by a timing clock
Related violations: <none>

TIMING-20#27 Warning
Non-clocked latch  
The latch dht11_sensor_inst/decod_for_ssd/ssd_iden/ssd4_reg[2] cannot be properly analyzed as its control pin dht11_sensor_inst/decod_for_ssd/ssd_iden/ssd4_reg[2]/G is not reached by a timing clock
Related violations: <none>

TIMING-20#28 Warning
Non-clocked latch  
The latch dht11_sensor_inst/decod_for_ssd/ssd_iden/ssd4_reg[3] cannot be properly analyzed as its control pin dht11_sensor_inst/decod_for_ssd/ssd_iden/ssd4_reg[3]/G is not reached by a timing clock
Related violations: <none>

TIMING-20#29 Warning
Non-clocked latch  
The latch temp_threshold_high_reg[0] cannot be properly analyzed as its control pin temp_threshold_high_reg[0]/G is not reached by a timing clock
Related violations: <none>

TIMING-20#30 Warning
Non-clocked latch  
The latch temp_threshold_high_reg[1] cannot be properly analyzed as its control pin temp_threshold_high_reg[1]/G is not reached by a timing clock
Related violations: <none>

TIMING-20#31 Warning
Non-clocked latch  
The latch temp_threshold_high_reg[2] cannot be properly analyzed as its control pin temp_threshold_high_reg[2]/G is not reached by a timing clock
Related violations: <none>

TIMING-20#32 Warning
Non-clocked latch  
The latch temp_threshold_high_reg[3] cannot be properly analyzed as its control pin temp_threshold_high_reg[3]/G is not reached by a timing clock
Related violations: <none>

TIMING-20#33 Warning
Non-clocked latch  
The latch temp_threshold_high_reg[4] cannot be properly analyzed as its control pin temp_threshold_high_reg[4]/G is not reached by a timing clock
Related violations: <none>

TIMING-20#34 Warning
Non-clocked latch  
The latch temp_threshold_high_reg[5] cannot be properly analyzed as its control pin temp_threshold_high_reg[5]/G is not reached by a timing clock
Related violations: <none>

TIMING-20#35 Warning
Non-clocked latch  
The latch temp_threshold_high_reg[6] cannot be properly analyzed as its control pin temp_threshold_high_reg[6]/G is not reached by a timing clock
Related violations: <none>

TIMING-20#36 Warning
Non-clocked latch  
The latch temp_threshold_high_reg[7] cannot be properly analyzed as its control pin temp_threshold_high_reg[7]/G is not reached by a timing clock
Related violations: <none>

TIMING-20#37 Warning
Non-clocked latch  
The latch temp_threshold_low_reg[0] cannot be properly analyzed as its control pin temp_threshold_low_reg[0]/G is not reached by a timing clock
Related violations: <none>

TIMING-20#38 Warning
Non-clocked latch  
The latch temp_threshold_low_reg[1] cannot be properly analyzed as its control pin temp_threshold_low_reg[1]/G is not reached by a timing clock
Related violations: <none>

TIMING-20#39 Warning
Non-clocked latch  
The latch temp_threshold_low_reg[2] cannot be properly analyzed as its control pin temp_threshold_low_reg[2]/G is not reached by a timing clock
Related violations: <none>

TIMING-20#40 Warning
Non-clocked latch  
The latch temp_threshold_low_reg[3] cannot be properly analyzed as its control pin temp_threshold_low_reg[3]/G is not reached by a timing clock
Related violations: <none>

TIMING-20#41 Warning
Non-clocked latch  
The latch temp_threshold_low_reg[4] cannot be properly analyzed as its control pin temp_threshold_low_reg[4]/G is not reached by a timing clock
Related violations: <none>

TIMING-20#42 Warning
Non-clocked latch  
The latch temp_threshold_low_reg[5] cannot be properly analyzed as its control pin temp_threshold_low_reg[5]/G is not reached by a timing clock
Related violations: <none>

TIMING-20#43 Warning
Non-clocked latch  
The latch temp_threshold_low_reg[6] cannot be properly analyzed as its control pin temp_threshold_low_reg[6]/G is not reached by a timing clock
Related violations: <none>

TIMING-20#44 Warning
Non-clocked latch  
The latch temp_threshold_low_reg[7] cannot be properly analyzed as its control pin temp_threshold_low_reg[7]/G is not reached by a timing clock
Related violations: <none>

LATCH-1#1 Advisory
Existing latches in the design  
There are 44 latches found in the design. Inferred latches are often the result of HDL coding mistakes, such as incomplete if or case statements.
Related violations: <none>


